2024-09-18 11:28:22,841 - INFO - Connected (version 2.0, client dropbear)
2024-09-18 11:28:23,583 - INFO - Authentication (password) successful!
2024-09-18 11:28:23,583 - INFO - Connected to 10.3.72.130
2024-09-18 11:28:24,646 - INFO - Initial Output:  ___  ___

|\  \|\  \      Welcome to airOS

\ \  \\\  \

 \ \  \\\  \    PRODUCT: Rocket Prism 5AC

  \ \  \\\  \	MAC: E063DAD86B5B

   \ \_______\

    \|_______|  VERSION: XC.v8.7.4



XC# 
2024-09-18 11:28:25,648 - INFO - Received after 'passwd' command: passwd

Changing password for admin

New password: 
2024-09-18 11:28:26,649 - INFO - Received after new password: 

Bad password: too weak

Retype password: 
2024-09-18 11:28:27,651 - INFO - Received after confirming new password: 

Password for admin changed by admin

XC# 
2024-09-18 11:28:27,651 - ERROR - Failed to change password on 10.3.72.130. Output: 

Password for admin changed by admin

XC# 
2024-09-18 11:35:10,148 - INFO - Connected (version 2.0, client dropbear)
2024-09-18 11:35:10,845 - INFO - Authentication (password) successful!
2024-09-18 11:35:10,846 - INFO - Connected to 10.3.72.130
2024-09-18 11:35:11,895 - INFO - Initial Output:  ___  ___

|\  \|\  \      Welcome to airOS

\ \  \\\  \

 \ \  \\\  \    PRODUCT: Rocket Prism 5AC

  \ \  \\\  \	MAC: E063DAD86B5B

   \ \_______\

    \|_______|  VERSION: XC.v8.7.4



XC# 
2024-09-18 11:35:12,897 - INFO - Received after 'passwd' command: passwd

Changing password for admin

New password: 
2024-09-18 11:35:13,898 - INFO - Received after new password: 

Retype password: 
2024-09-18 11:35:14,900 - INFO - Received after confirming new password: 

Password for admin changed by admin

XC# 
2024-09-18 11:35:14,900 - ERROR - Failed to change password on 10.3.72.130. Output: 

Password for admin changed by admin

XC# 
2024-09-18 11:44:29,684 - INFO - Connected (version 2.0, client dropbear)
2024-09-18 11:44:30,816 - INFO - Authentication (password) failed.
2024-09-18 11:44:30,816 - ERROR - Failed to change password on 10.3.72.130: Authentication failed.

2024-09-18 11:57:33,625 - INFO - Connected (version 2.0, client dropbear)
2024-09-18 11:57:34,662 - INFO - Authentication (password) failed.
2024-09-18 11:57:34,662 - ERROR - Failed to change password on 10.3.72.130: Authentication failed.
2024-09-18 12:24:31,196 - INFO - Connected (version 2.0, client dropbear)
2024-09-18 12:24:32,736 - INFO - Authentication (password) failed.
2024-09-18 12:24:32,736 - ERROR - Failed to change password on 10.3.72.130: Authentication failed.
2024-09-18 12:24:37,056 - INFO - Connected (version 2.0, client dropbear)
2024-09-18 12:24:38,165 - INFO - Authentication (password) failed.
2024-09-18 12:24:38,165 - ERROR - Failed to change password on 10.3.72.130: Authentication failed.
2024-09-18 14:48:56,024 - INFO - Connected (version 2.0, client dropbear)
2024-09-18 14:48:56,708 - INFO - Authentication (password) successful!
2024-09-18 14:48:56,708 - INFO - Connected to 10.3.72.130
2024-09-18 14:48:57,771 - INFO - Initial Output:  ___  ___
|\  \|\  \      Welcome to airOS
\ \  \\\  \
 \ \  \\\  \    PRODUCT: Rocket Prism 5AC
  \ \  \\\  \	MAC: E063DAD86B5B
   \ \_______\
    \|_______|  VERSION: XC.v8.7.4

XC# 
2024-09-18 14:48:58,772 - INFO - Received after 'passwd' command: passwd
Changing password for admin
New password: 
2024-09-18 14:48:59,774 - INFO - Received after new password: 
Bad password: too weak
Retype password: 
2024-09-18 14:49:00,775 - INFO - Received after confirming new password: 
Password for admin changed by admin
XC# 
2024-09-18 14:49:00,775 - INFO - Password on 10.3.72.130 has been changed to '123456789' successfully.
2024-09-20 12:00:49,808 - INFO - Connected (version 2.0, client ROSSSH)
2024-09-20 12:00:50,582 - INFO - Authentication (password) failed.
2024-09-20 12:00:50,584 - ERROR - Failed to change password on 100.64.6.245: Authentication failed.
